<?xml version="1.0" encoding="UTF-8"?>
<!-- Generated by org.testng.reporters.JUnitReportReporter -->
<testsuite hostname="DESKTOP-Q6APH3T" failures="0" tests="7" name="TestCases.Register" time="42.128" errors="0" timestamp="2024-08-02T20:59:07 EDT" skipped="0">
  <testcase classname="TestCases.Register" name="verifySuccessfulLoginWithValidCredentials" time="5.066"/>
  <testcase classname="TestCases.Register" name="veryWarningMessageForEmptyFirstNameCredential" time="10.707"/>
  <testcase classname="TestCases.Register" name="verifyWarningMessageForLastNameCredential" time="4.579"/>
  <testcase classname="TestCases.Register" name="verifyWarningMessageForEmptyEmailCredential" time="4.483"/>
  <testcase classname="TestCases.Register" name="verifyWarningMessageForEmptyTelephoneCredential" time="7.877"/>
  <testcase classname="TestCases.Register" name="verifyErrorMessageForEmptyPasswordField" time="4.641"/>
  <testcase classname="TestCases.Register" name="verifyWarningForPasswordsNotMatching" time="4.775"/>
</testsuite> <!-- TestCases.Register -->
