<?xml version="1.0" encoding="UTF-8"?>
<!-- Generated by org.testng.reporters.JUnitReportReporter -->
<testsuite hostname="DESKTOP-Q6APH3T" failures="0" tests="3" name="TestCases.SearchProduct" time="10.429" errors="0" timestamp="2024-08-02T20:59:07 EDT" skipped="0">
  <testcase classname="TestCases.SearchProduct" name="verifySearchBoxFieldBoxIsPresentInSearchPage" time="3.118"/>
  <testcase classname="TestCases.SearchProduct" name="verifySearchButtonIsClickable" time="3.659"/>
  <testcase classname="TestCases.SearchProduct" name="verifySearchMatchesItemDisplayed" time="3.652"/>
</testsuite> <!-- TestCases.SearchProduct -->
